[    0.000000] Initializing cgroup subsys cpuset
[    0.000000] Initializing cgroup subsys cpu
[    0.000000] Initializing cgroup subsys cpuacct
[    0.000000] Linux version 4.4.0-161-generic (buildd@lcy01-amd64-018) (gcc version 5.4.0 20160609 (Ubuntu 5.4.0-6ubuntu1~16.04.10) ) #189-Ubuntu SMP Tue Aug 27 08:10:16 UTC 2019 (Ubuntu 4.4.0-161.189-generic 4.4.186)
[    0.000000] Command line: BOOT_IMAGE=/boot/vmlinuz-4.4.0-161-generic root=UUID=2599847e-b1d0-4013-a357-9739570da0b9 ro console=tty1 console=ttyS0
[    0.000000] KERNEL supported cpus:
[    0.000000]   Intel GenuineIntel
[    0.000000]   AMD AuthenticAMD
[    0.000000]   Centaur CentaurHauls
[    0.000000] ------------[ cut here ]------------
[    0.000000] WARNING: CPU: 0 PID: 0 at /build/linux-9hmW9z/linux-4.4.0/arch/x86/kernel/fpu/xstate.c:517 fpu__init_system_xstate+0x37e/0x764()
[    0.000000] XSAVE consistency problem, dumping leaves
[    0.000000] Modules linked in:
[    0.000000] CPU: 0 PID: 0 Comm: swapper Not tainted 4.4.0-161-generic #189-Ubuntu
[    0.000000]  0000000000000086 2a4f54113b56a28f ffffffff81e03d70 ffffffff8140cc01
[    0.000000]  ffffffff81e03db8 ffffffff81cb36f0 ffffffff81e03da8 ffffffff810864d2
[    0.000000]  0000000000000008 0000000000000340 0000000000000100 ffffffff81e03e3c
[    0.000000] Call Trace:
[    0.000000]  [<ffffffff8140cc01>] dump_stack+0x63/0x82
[    0.000000]  [<ffffffff810864d2>] warn_slowpath_common+0x82/0xc0
[    0.000000]  [<ffffffff8108656c>] warn_slowpath_fmt+0x5c/0x80
[    0.000000]  [<ffffffff81081f94>] ? xfeature_size+0x59/0x77
[    0.000000]  [<ffffffff81f78325>] fpu__init_system_xstate+0x37e/0x764
[    0.000000]  [<ffffffff81f68120>] ? early_idt_handler_array+0x120/0x120
[    0.000000]  [<ffffffff81f77d2e>] fpu__init_system+0x1e7/0x28e
[    0.000000]  [<ffffffff81f78f9a>] early_cpu_init+0x276/0x27c
[    0.000000]  [<ffffffff81f78f9a>] ? early_cpu_init+0x276/0x27c
[    0.000000]  [<ffffffff81f742d1>] setup_arch+0xc0/0xd1f
[    0.000000]  [<ffffffff81f68120>] ? early_idt_handler_array+0x120/0x120
[    0.000000]  [<ffffffff81f68c75>] start_kernel+0xe2/0x4a4
[    0.000000]  [<ffffffff81f68120>] ? early_idt_handler_array+0x120/0x120
[    0.000000]  [<ffffffff81f68339>] x86_64_start_reservations+0x2a/0x2c
[    0.000000]  [<ffffffff81f68485>] x86_64_start_kernel+0x14a/0x16d
[    0.000000] ---[ end trace 4d5ff9f2f68c4233 ]---
[    0.000000] CPUID[0d, 00]: eax=00000007 ebx=00000440 ecx=00000440 edx=00000000
[    0.000000] CPUID[0d, 01]: eax=00000000 ebx=000003c0 ecx=00000000 edx=00000000
[    0.000000] CPUID[0d, 02]: eax=00000100 ebx=00000240 ecx=00000000 edx=00000000
[    0.000000] CPUID[0d, 03]: eax=00000000 ebx=00000000 ecx=00000000 edx=00000000
[    0.000000] CPUID[0d, 04]: eax=00000000 ebx=00000000 ecx=00000000 edx=00000000
[    0.000000] CPUID[0d, 05]: eax=00000000 ebx=00000000 ecx=00000000 edx=00000000
[    0.000000] CPUID[0d, 06]: eax=00000000 ebx=00000000 ecx=00000000 edx=00000000
[    0.000000] CPUID[0d, 07]: eax=00000000 ebx=00000000 ecx=00000000 edx=00000000
[    0.000000] CPUID[0d, 08]: eax=00000000 ebx=00000000 ecx=00000000 edx=00000000
[    0.000000] CPUID[0d, 09]: eax=00000000 ebx=00000000 ecx=00000000 edx=00000000
[    0.000000] CPUID[0d, 0a]: eax=00000000 ebx=00000000 ecx=00000000 edx=00000000
[    0.000000] CPUID[0d, 0b]: eax=00000000 ebx=00000000 ecx=00000000 edx=00000000
[    0.000000] CPUID[0d, 0c]: eax=00000000 ebx=00000000 ecx=00000000 edx=00000000
[    0.000000] CPUID[0d, 0d]: eax=00000000 ebx=00000000 ecx=00000000 edx=00000000
[    0.000000] CPUID[0d, 0e]: eax=00000000 ebx=00000000 ecx=00000000 edx=00000000
[    0.000000] CPUID[0d, 0f]: eax=00000000 ebx=00000000 ecx=00000000 edx=00000000
[    0.000000] CPUID[0d, 10]: eax=00000000 ebx=00000000 ecx=00000000 edx=00000000
[    0.000000] CPUID[0d, 11]: eax=00000000 ebx=00000000 ecx=00000000 edx=00000000
[    0.000000] x86/fpu: xstate_offset[2]:  576, xstate_sizes[2]:  256
[    0.000000] x86/fpu: Supporting XSAVE feature 0x01: 'x87 floating point registers'
[    0.000000] x86/fpu: Supporting XSAVE feature 0x02: 'SSE registers'
[    0.000000] x86/fpu: Supporting XSAVE feature 0x04: 'AVX registers'
[    0.0000] x86/fpu: Enabled xstate features 0x7, context size is 1088 bytes, using 'standard' format.
[    0.000000] e820: BIOS-provided physical RAM map:
[    0.000000] BIOS-e820: [mem 0x0000000000000000-0x000000000009fbff] usable
[    0.000000] BIOS-e820: [mem 0x000000000009fc00-0x000000000009ffff] reserved
[    0.000000] BIOS-e820: [mem 0x00000000000f0000-0x00000000000fffff] reserved
[    0.000000] BIOS-e820: [mem 0x0000000000100000-0x000000003ffeffff] usable
[    0.000000] BIOS-e820: [mem 0x000000003fff0000-0x000000003fffffff] ACPI data
[    0.000000] BIOS-e820: [mem 0x00000000fec00000-0x00000000fec00fff] reserved
[    0.000000] BIOS-e820: [mem 0x00000000fee00000-0x00000000fee00fff] reserved
[    0.000000] BIOS-e820: [mem 0x00000000fffc0000-0x00000000ffffffff] reserved
[    0.000000] NX (Execute Disable) protection: active
[    0.000000] SMBIOS 2.5 present.
[    0.000000] Hypervisor detected: KVM
[    0.000000] e820: last_pfn = 0x3fff0 max_arch_pfn = 0x400000000
[    0.000000] MTRR: Disabled
[    0.000000] x86/PAT: MTRRs disabled, skipping PAT initialization too.
[    0.000000] CPU MTRRs all blank - virtualized system.
[    0.000000] x86/PAT: Configuration [0-7]: WB  WT  UC- UC  WB  WT  UC- UC  
[    0.000000] found SMP MP-table at [mem 0x0009fff0-0x0009ffff] mapped at [ffff88000009fff0]
[    0.000000] Scanning 1 areas for low memory corruption
[    0.000000] RAMDISK: [mem 0x361e2000-0x370e8fff]
[    0.000000] ACPI: Early table checksum verification disabled
[    0.000000] ACPI: RSDP 0x00000000000E0000 000024 (v02 VBOX  )
[    0.000000] ACPI: XSDT 0x000000003FFF0030 00003C (v01 VBOX   VBOXXSDT 00000001 ASL  00000061)
[    0.000000] ACPI: FACP 0x000000003FFF00F0 0000F4 (v04 VBOX   VBOXFACP 00000001 ASL  00000061)
[    0.000000] ACPI: DSDT 0x000000003FFF0470 0021FF (v02 VBOX   VBOXBIOS 00000002 INTL 20160108)
[    0.000000] ACPI: FACS 0x000000003FFF0200 000040
[    0.000000] ACPI: FACS 0x000000003FFF0200 000040
[    0.000000] ACPI: APIC 0x000000003FFF0240 00005C (v02 VBOX   VBOXAPIC 00000001 ASL  00000061)
[    0.000000] ACPI: SSDT 0x000000003FFF02A0 0001CC (v01 VBOX   VBOXCPUT 00000002 INTL 20160108)
[    0.000000] No NUMA configuration found
[    0.000000] Faking a node at [mem 0x0000000000000000-0x000000003ffeffff]
[    0.000000] NODE_DATA(0) allocated [mem 0x3ffeb000-0x3ffeffff]
[    0.000000] kvm-clock: Using msrs 4b564d01 and 4b564d00
[    0.000000] kvm-clock: cpu 0, msr 0:3ffe3001, primary cpu clock
[    0.000000] kvm-clock: using sched offset of 4151585237 cycles
[    0.000000] clocksource: kvm-clock: mask: 0xffffffffffffffff max_cycles: 0x1cd42e4dffb, max_idle_ns: 881590591483 ns
[    0.000000] Zone ranges:
[    0.000000]   DMA      [mem 0x0000000000001000-0x0000000000ffffff]
[    0.000000]   DMA32    [mem 0x0000000001000000-0x000000003ffeffff]
[    0.000000]   Normal   empty
[    0.000000]   Device   empty
[    0.000000] Movable zone start for each node
[    0.000000] Early memory node ranges
[    0.000000]   node   0: [mem 0x0000000000001000-0x000000000009efff]
[    0.000000]   node   0: [mem 0x0000000000100000-0x000000003ffeffff]
[    0.000000] Initmem setup node 0 [mem 0x0000000000001000-0x000000003ffeffff]
[    0.000000] ACPI: PM-Timer IO Port: 0x4008
[    0.000000] IOAPIC[0]: apic_id 2, version 32, address 0xfec00000, GSI 0-23
[    0.000000] ACPI: INT_SRC_OVR (bus 0 bus_irq 0 global_irq 2 dfl dfl)
[    0.000000] ACPI: INT_SRC_OVR (bus 0 bus_irq 9 global_irq 9 high level)
[    0.000000] Using ACPI (MADT) for SMP configuration information
[    0.000000] smpboot: Allowing 2 CPUs, 0 hotplug CPUs
[    0.000000] PM: Registered nosave memory: [mem 0x00000000-0x00000fff]
[    0.000000] PM: Registered nosave memory: [mem 0x0009f000-0x0009ffff]
[    0.000000] PM: Registered nosave memory: [mem 0x000a0000-0x000effff]
[    0.000000] PM: Registered nosave memory: [mem 0x000f0000-0x000fffff]
[    0.000000] e820: [mem 0x40000000-0xfebfffff] available for PCI devices
[    0.000000] Booting paravirtualized kernel on KVM
[    0.000000] clocksource: refined-jiffies: mask: 0xffffffff max_cycles: 0xffffffff, max_idle_ns: 7645519600211568 ns
[    0.000000] setup_percpu: NR_CPUS:512 nr_cpumask_bits:512 nr_cpu_ids:2 nr_node_ids:1
[    0.000000] PERCPU: Embedded 34 pages/cpu @ffff88003fc00000 s99544 r8192 d31528 u1048576
[    0.000000] Built 1 zonelists in Node order, mobility grouping on.  Total pages: 257912
[    0.000000] Policy zone: DMA32
[    0.000000] Kernel command line: BOOT_IMAGE=/boot/vmlinuz-4.4.0-161-generic root=UUID=2599847e-b1d0-4013-a357-9739570da0b9 ro console=tty1 console=ttyS0
[    0.000000] PID hash table entries: 4096 (order: 3, 32768 bytes)
[    0.000000] Memory: 997168K/1048120K available (8622K kernel code, 1335K rwdata, 4032K rodata, 1488K init, 1284K bss, 50952K reserved, 0K cma-reserved)
[    0.000000] SLUB: HWalign=64, Order=0-3, MinObjects=0, CPUs=2, Nodes=1
[    0.000000] Kernel/User page tables isolation: enabled
[    0.000000] Hierarchical RCU implementation.
[    0.000000] 	Build-time adjustment of leaf fanout to 64.
[    0.000000] 	RCU restricting CPUs from NR_CPUS=512 to nr_cpu_ids=2.
[    0.000000] RCU: Adjusting geometry for rcu_fanout_leaf=64, nr_cpu_ids=2
[    0.000000] NR_IRQS:33024 nr_irqs:440 16
[    0.000000] Console: colour VGA+ 80x25
[    0.000000] console [tty1] enabled
[    0.000000] console [ttyS0] enabled
[    0.000000] tsc: Detected 2496.278 MHz processor
[    1.485752] Calibrating delay loop (skipped) preset value.. 4992.55 BogoMIPS (lpj=9985112)
[    1.486986] pid_max: default: 32768 minimum: 301
[    1.487684] ACPI: Core revision 20150930
[    1.489078] ACPI: 2 ACPI AML tables successfully acquired and loaded
[    1.489999] Security Framework initialized
[    1.490596] Yama: becoming mindful.
[    1.491144] AppArmor: AppArmor initialized
[    1.491894] Dentry cache hash table entries: 131072 (order: 8, 1048576 bytes)
[    1.493339] Inode-cache hash table entries: 65536 (order: 7, 524288 bytes)
[    1.494389] Mount-cache hash table entries: 2048 (order: 2, 16384 bytes)
[    1.495276] Mountpoint-cache hash table entries: 2048 (order: 2, 16384 bytes)
[    1.597296] Initializing cgroup subsys io
[    1.70110]Initializing cgroup subsys memory
[    1.814925] Initializing cgroup subsys devices
[    1.867834] Initializing cgroup subsys freezer
[    1.868467] Initializing cgroup subsys net_cls
[    1.918298] Initializing cgroup subsys perf_event
[    1.933503] Initializing cgroup subsys net_prio
[    1.937766] Initializing cgroup subsys hugetlb
[    1.938433] Initializing cgroup subsys pids
[    1.940245] mce: CPU supports 0 MCE banks
[    1.940852] Last level iTLB entries: 4KB 128, 2MB 8, 4MB 8
[    1.941625] Last level dTLB entries: 4KB 64, 2MB 0, 4MB 0, 1GB 4
[    1.942399] Spectre V1 : Mitigation: usercopy/swapgs barriers and __user pointer sanitization
[    1.943680] Spectre V2 : Mitigation: Full generic retpoline
[    2.082106] Spectre V2 : Spectre v2 / SpectreRSB mitigation: Filling RSB on context switch
[    2.243816] Speculative Store Bypass: Vulnerable
[    2.250915] MDS: Vulnerable: Clear CPU buffers attempted, no microcode
[    2.254257] Freeing SMP alternatives memory: 36K
[    2.371244] ftrace: allocating 32318 entries in 127 pages
[    2.433299] smpboot: APIC(0) Converting physical 0 to logical package 0
[    2.506541] smpboot: Max logical packages: 1
[    2.507445] x2apic enabled
[    2.508151] Switched APIC routing to physical x2apic.
[    2.509898] ..TIMER: vector=0x30 apic1=0 pin1=2 apic2=-1 pin2=-1
[    2.768776] smpboot: CPU0: Intel(R) Core(TM) i5-7300HQ CPU @ 2.50GHz (family: 0x6, model: 0x9e, stepping: 0x9)
[    2.990680] Performance Events: unsupported p6 CPU model 158 no PMU driver, software events only.
[    3.186294] KVM setup paravirtual spinlock
[    3.219302] x86: Booting SMP configuration:
[    3.219975] .... node  #0, CPUs:      #1
[    3.220689] kvm-clock: cpu 1, msr 0:3ffe3041, secondary cpu clock
[    3.222420] mce: CPU supports 0 MCE banks
[    3.224772] x86: Booted up 1 node, 2 CPUs
[    3.229620] smpboot: Total of 2 processors activated (9985.11 BogoMIPS)
[    3.253137] devtmpfs: initialized
[    3.255349] evm: security.selinux
[    3.255957] evm: security.SMACK64
[    3.256479] evm: security.SMACK64EXEC
[    3.257076] evm: security.SMACK64TRANSMUTE
[    3.257704] evm: security.SMACK64MMAP
[    3.258256] evm: security.ima
[    3.258744] evm: security.capability
[    3.259524] clocksource: jiffies: mask: 0xffffffff max_cycles: 0xffffffff, max_idle_ns: 7645041785100000 ns
[    3.260915] futex hash table entries: 512 (order: 3, 32768 bytes)
[    3.261853] pinctrl core: initialized pinctrl subsystem
[    3.262727] RTC time: 21:57:21, date: 09/03/19
[    3.268845] NET: Registered protocol family 16
[    3.285194] cpuidle: using governor ladder
[    3.393494] cpuidle: using governor menu
[    3.394184] PCCT header not found.
[    3.394800] ACPI: bus type PCI registered
[    3.395420] acpiphp: ACPI Hot Plug PCI Controller Driver version: 0.5
[    3.396843] PCI: Using configuration type 1 for base access
[    3.417571] ACPI: Added _OSI(Module Device)
[    3.434019] ACPI: Added _OSI(Processor Device)
[    3.434692] ACPI: Added _OSI(3.0 _SCP Extensions)
[    3.435349] ACPI: Added _OSI(Processor Aggregator Device)
[    3.436711] ACPI: Executed 1 blocks of module-level executable AML code
[    3.439429] ACPI: Interpreter enabled
[    3.440000] ACPI: (supports S0 S5)
[    3.440537] ACPI: Using IOAPIC for interrupt routing
[    3.441423] PCI: Using host bridge windows from ACPI; if necessary, use "pci=nocrs" and report a bug
[    3.445593] ACPI: PCI Root Bridge [PCI0] (domain 0000 [bus 00-ff])
[    3.451905] acpi PNP0A03:00: _OSC: OS supports [ASPM ClockPM Segments MSI]
[    3.452820] acpi PNP0A03:00: _OSC: not requesting OS control; OS requires [ExtendedConfig ASPM ClockPM MSI]
[    3.471110] acpi PNP0A03:00: fail to add MMCONFIG information, can't access extended PCI configuration space under this bridge.
[    3.546604] PCI host bridge to bus 0000:00
[    3.569799] pci_bus 0000:00: root bus resource [io  0x0000-0x0cf7 window]
[    3.659835] pci_bus 0000:00: root bus resource [io  0x0d00-0xffff window]
[    3.747602] pci_bus 0000:00: root bus resource [mem 0x000a0000-0x000bffff window]
[    3.749123] pci_bus 0000:00: root bus resource [mem 0x40000000-0xffdfffff window]
[    3.750696] pci_bus 0000:00: root bus resource [bus 00-ff]
[    3.754464] pci 0000:00:01.1: legacy IDE quirk: reg 0x10: [io  0x01f0-0x01f7]
[    3.879970] pci 0000:00:01.1: legacy IDE quirk: reg 0x14: [io  0x03f6]
[    3.938671] pci 0000:00:01.1: legacy IDE quirk: reg 0x18: [io  0x0170-0x0177]
[    3.939627] pci 0000:00:01.1: legacy IDE quirk: reg 0x1c: [io  0x0376]
[    3.956151] pci 0000:00:07.0: quirk: [io  0x4000-0x403f] claimed by PIIX4 ACPI
[    4.129817] pci 0000:00:07.0: quirk: [io  0x4100-0x410f] claimed by PIIX4 SMB
[    4.226541] ACPI: PCI Interrupt Link [LNKA] (IRQs 5 9 10 *11)
[    4.319248] ACPI: PCI Interrupt Link [LNKB] (IRQs 5 9 10 *11)
[    4.445530] ACPI: PCI Interrupt Link [LNKC] (IRQs 5 9 *10 11)
[    4.574194] ACPI: PCI Interrupt Link [LNKD] (IRQs 5 *9 10 11)
[    4.588477] ACPI: Enabled 2 GPEs in block 00 to 07
[    4.626427] vgaarb: setting as boot device: PCI:0000:00:02.0
[    4.663942] vgaarb: device added: PCI:0000:00:02.0,decodes=io+mem,owns=io+mem,locks=none
[    4.745693] vgaarb: loaded
[    4.802083] vgaarb: bridge control possible 0000:00:02.0
[    4.938635] SCSI subsystem initialized
[    4.973450] ACPI: bus type USB registered
[    4.981842] usbcore: registered new interface driver usbfs
[    5.093429] usbcore: registered new interface driver hub
[    5.171336] usbcore: registered new device driver usb
[    5.267986] PCI: Using ACPI for IRQ routing
[    5.353865] NetLabel: Initializing
[    5.354423] NetLabel:  domain hash size = 128
[    5.355103] NetLabel:  protocols = UNLABELED CIPSOv4
[    5.361547] NetLabel:  unlabeled traffic allowed by default
[    5.362514] amd_nb: Cannot enumerate AMD northbridges
[    5.370732] clocksource: Switched to clocksource kvm-clock
[    5.376887] AppArmor: AppArmor Filesystem Enabled
[    5.393416] pnp: PnP ACPI init
[    5.394505] pnp: PnP ACPI: found 3 devices
[    5.405253] clocksource: acpi_pm: mask: 0xffffff max_cycles: 0xffffff, max_idle_ns: 2085701024 ns
[    5.585380] NET: Registered protocol family 2
[    5.706969] TCP established hash table entries: 8192 (order: 4, 65536 bytes)
[    5.769266] TCP bind hash table entries: 8192 (order: 5, 131072 bytes)
[    5.770174] TCP: Hash tables configured (established 8192 bind 8192)
[    5.771083] UDP hash table entries: 512 (order: 2, 16384 bytes)
[    5.809189] UDP-Lite hash table entries: 512 (order: 2, 16384 bytes)
[    5.810175] NET: Registered protocol family 1
[    5.810882] pci 0000:00:00.0: Limiting direct PCI/PCI transfers
[    5.811776] pci 0000:00:01.0: Activating ISA DMA hang workarounds
[    5.812757] Unpacking initramfs...
[    6.036677] Freeing initrd memory: 15388K
[    6.303761] clocksource: tsc: mask: 0xffffffffffffffff max_cycles: 0x23fb7dd29d9, max_idle_ns: 440795218059 ns
[    6.594100] platform rtc_cmos: registered platform RTC device (no PNP device found)
[    6.744520] Scanning for low memory corruption every 60 seconds
[    6.825249] audit: initializing netlink subsys (disabled)
[    6.963825] audit: type=2000 audit(1567547846.187:1): initialized
[    6.984448] Initialise system trusted keyring
[    6.985339] HugeTLB registered 2 MB page size, pre-allocated 0 pages
[    6.987397] zbud: loaded
[    7.184072] VFS: Disk quotas dquot_6.6.0
[    7.423790] VFS: Dquot-cache hash table entries: 512 (order 0, 4096 bytes)
[    7.424902] squashfs: version 4.0 (2009/01/31) Phillip Lougher
[    7.426074] fuse init (API version 7.23)
[    7.426792] Key type big_key registered
[    7.427497] Allocating IMA MOK and blacklist keyrings.
[    7.429286] Key type asymmetric registered
[    7.429923] Asymmetric key parser 'x509' registered
[    7.430676] Block layer SCSI generic (bsg) driver version 0.4 loaded (major 249)
[    7.584394] io scheduler noop registered
[    7.585002] io scheduler deadline registered (default)
[    7.585738] io scheduler cfq registered
[    7.586399] pci_hotplug: PCI Hot Plug PCI Core version: 0.5
[    7.587244] pciehp: PCI Express Hot Plug Controller Driver version: 0.4
[    7.588204] ACPI: AC Adapter [AC] (on-line)
[    7.588874] input: Power Button as /devices/LNXSYSTM:00/LNXPWRBN:00/input/input0
[    7.589962] ACPI: Power Button [PWRF]
[    7.590570] input: Sleep Button as /devices/LNXSYSTM:00/LNXSLPBN:00/input/input1
[    7.591748] ACPI: Sleep Button [SLPF]
[    7.592981] ACPI: Battery Slot [BAT0] (battery present)
[    7.593757] GHES: HEST is not enabled!
[    7.594437] Serial: 8250/16550 driver, 32 ports, IRQ sharing enabled
[    7.616886] 00:02: ttyS0 atII/O 0x3f8 (irq = 4, base_baud = 115200) is a 16550A
[    7.845515] Linux agpgart interface v0.103
[    7.906419] loop: module loaded
[    7.913048] scsi host0: ata_piix
[    7.954548] scsi host1: ata_piix
[    7.955433] ata1: PATA max UDMA/33 cmd 0x1f0 ctl 0x3f6 bmdma 0xd000 irq 14
[    7.956377] ata2: PATA max UDMA/33 cmd 0x170 ctl 0x376 bmdma 0xd008 irq 15
[    7.957399] libphy: Fixed MDIO Bus: probed
[    8.113680] tun: Universal TUN/TAP device driver, 1.6
[    8.223878] tun: (C) 1999-2004 Max Krasnyansky <maxk@qualcomm.com>
[    8.224805] PPP generic driver version 2.4.2
[    8.225524] ehci_hcd: USB 2.0 'Enhanced' Host Controller (EHCI) Driver
[    8.226412] ehci-pci: EHCI PCI platform driver
[    8.283723] ehci-platform: EHCI generic platform driver
[    8.333970] ohci_hcd: USB 1.1 'Open' Host Controller (OHCI) Driver
[    8.334827] ohci-pci: OHCI PCI platform driver
[    8.335550] ohci-platform: OHCI generic platform driver
[    8.336268] uhci_hcd: USB Universal Host Controller Interface driver
[    8.337158] i8042: PNP: PS/2 Controller [PNP0303:PS2K,PNP0f03:PS2M] at 0x60,0x64 irq 1,12
[    8.338778] serio: i8042 KBD port at 0x60,0x64 irq 1
[    8.339540] serio: i8042 AUX port at 0x60,0x64 irq 12
[    8.383817] mousedev: PS/2 mouse device common for all mice
[    8.385012] input: AT Translated Set 2 keyboard as /devices/platform/i8042/serio0/input/input2
[    8.386404] rtc_cmos rtc_cmos: rtc core: registered rtc_cmos as rtc0
[    8.387384] rtc_cmos rtc_cmos: alarms up to one day, 114 bytes nvram
[    8.388276] i2c /dev entries driver
[    8.388895] device-mapper: uevent: version 1.0.3
[    8.389655] device-mapper: ioctl: 4.34.0-ioctl (2015-10-28) initialised: dm-devel@redhat.com
[    8.390899] ledtrig-cpu: registered to indicate activity on CPUs
[    8.392338] NET: Registered protocol family 10
[    8.393167] NET: Registered protocol family 17
[    8.393842] Key type dns_resolver registered
[    8.394672] registered taskstats version 1
[    8.395410] Loading compiled-in X.509 certificates
[    8.405747] Loaded X.509 cert 'Build time autogenerated kernel key: bdcb03bd89688fd1ecb3c1b37e77d69239145881'
[    8.686995] zswap: loaded using pool lzo/zbud
[    8.766177] Key type trusted registered
[    8.787974] Key type encrypted registered
[    8.823307] AppArmor: AppArmor sha1 policy hashing enabled
[    8.824139] ima: No TPM chip found, activating TPM-bypass!
[    8.824878] ima: Allocated hash algorithm: sha1
[    8.825538] evm: HMAC attrs: 0x1
[    8.826355]   Magic number: 3:913:1004
[    8.826954] input input1: hash matches
[    8.827727] rtc_cmos rtc_cmos: setting system clock to 2019-09-03 21:57:26 UTC (1567547846)
[    8.829074] BIOS EDD facility v0.16 2004-Jun-25, 0 devices found
[    8.829859] EDD information not available.
[    8.833004] Freeing unused kernel memory: 1488K
[    8.934836] Write protecting the kernel read-only data: 14336k
[    9.149174] Freeing unused kernel memory: 1608K
[    9.299643] Freeing unused kernel memory: 64K
Loading, please wait...
[    9.525975] random: systemd-udevd: uninitialized urandom read (16 bytes read, 5 bits of entropy available)
starting version 229
[    9.526553] random: udevadm: uninitialized urandom read (16 bytes read, 5 bits of entropy available)
[    9.526568] random: udevadm: uninitialized urandom read (16 bytes read, 5 bits of entropy available)
[    9.533632] random: udevadm: uninitialized urandom read (16 bytes read, 5 bits of entropy available)
[    9.533673] random: udevadm: uninitialized urandom read (16 bytes read, 5 bits of entropy available)
[    9.533805] random: udevadm: uninitialized urandom read (16 bytes read, 5 bits of entropy available)
[    9.533865] random: udevadm: uninitialized urandom read (16 bytes read, 5 bits of entropy available)
[    9.533910] random: udevadm: uninitialized urandom read (16 bytes read, 5 bits of entropy available)
[    9.533983] random: udevadm: uninitialized urandom read (16 bytes read, 5 bits of entropy available)
[    9.534025] random: udevadm: uninitialized urandom read (16 bytes read, 5 bits of entropy available)
[   10.530488] Fusion MPT base driver 3.04.20
[   10.758939] Copyright (c) 1999-2008 LSI Corporation
[   10.759789] e1000: Intel(R) PRO/1000 Network Driver - version 7.3.21-k8-NAPI
[   10.760782] e1000: Copyright (c) 1999-2006 Intel Corporation.
[   10.780886] AVX version of gcm_enc/dec engaged.
[   10.783231] AES CTR mode by8 optimization enabled
[   10.786297] Fusion MPT SPI Host driver 3.04.20
[   10.991221] input: ImExPS/2 Generic Explorer Mouse as /devices/platform/i8042/serio1/input/input4
[   11.153966] e1000 0000:00:03.0 eth0: (PCI:33MHz:32-bit) 02:38:b8:f5:60:7e
[   11.155607] e1000 0000:00:03.0 eth0: Intel(R) PRO/1000 Network Connection
[   11.513659] e1000 0000:00:08.0 eth1: (PCI:33MHz:32-bit) 08:00:27:8c:53:b5
[   11.697649] e1000 0000:00:08.0 eth1: Intel(R) PRO/1000 Network Connection
[   11.842667] mptbase: ioc0: Initiating bringup
[   11.888000] e1000 0000:00:08.0 enp0s8: renamed from eth1
[   11.903821] e1000 0000:00:03.0 enp0s3: renamed from eth0
[   11.958970] ioc0: LSI53C1030 A0: Capabilities={Initiator}
[   12.324050] scsi host2: ioc0: LSI53C1030 A0, FwRev=00000000h, Ports=1, MaxQ=256, IRQ=20
[   12.537501] scsi 2:0:0:0: Direct-Access     VBOX     HARDDISK         1.0  PQ: 0 ANSI: 5
[   12.626177] scsi target2:0:0: Beginning Domain Validation
[   12.655255] scsi target2:0:0: Domain Validation skipping write tests
[   12.662826] scsi target2:0:0: Ending Domain Validation
[   12.663664] scsi target2:0:0: asynchronous
[   12.670346] scsi 2:0:1:0: Direct-Access     VBOX     HARDDISK         1.0  PQ: 0 ANSI: 5
[   12.847807] scsi target2:0:1: Beginning Domain Validation
[   12.868873] scsi target2:0:1: Domain Validation skipping write tests
[   12.879759] scsi target2:0:1: Ending Domain Validation
[   12.891124] scsi target2:0:1: asynchronous
[   12.944618] sd 2:0:0:0: [sda] 20971520 512-byte logical blocks: (10.7 GB/10.0 GiB)
[   12.944760] sd 2:0:0:0: Attached scsi generic sg0 type 0
[   13.007230] sd 2:0:1:0: Attached scsi generic sg1 type 0
[   13.007444] sd 2:0:1:0: [sdb] 20480 512-byte logical blocks: (10.5 MB/10.0 MiB)
[   13.007535] sd 2:0:1:0: [sdb] Write Protect is off
[   13.007593] sd 2:0:1:0: [sdb] Incomplete mode parameter data
[   13.007594] sd 2:0:1:0: [sdb] Assuming drive cache: write through
[   13.038798] sd 2:0:1:0: [sdb] Attached SCSI disk
[   13.211372] sd 2:0:0:0: [sda] Write Protect is off
[   13.212298] sd 2:0:0:0: [sda] Incomplete mode parameter data
[   13.263326] sd 2:0:0:0: [sda] Assuming drive cache: write through
[   13.270913]  sda: sda1
[   13.331060] sd 2:0:0:0: [sda] Attached SCSI disk
Begin: Loading e[   14.725851] md: linear personality registered for level -1
ssential drivers ... [   14.772011] md: multipath personality registered for level -4
[   14.780612] md: raid0 personality registered for level 0
[   14.811426] md: raid1 personality registered for level 1
[   15.012804] raid6: sse2x1   gen()  9306 MB/s
[   15.122802] raid6: sse2x1   xor()  6002 MB/s
[   15.322843] raid6: sse2x2   gen() 12090 MB/s
[   15.667321] raid6: sse2x2   xor()  8248 MB/s
[   15.852776] raid6: sse2x4   gen() 13743 MB/s
[   16.259168] raid6: sse2x4   xor()  8863 MB/s
[   16.633118] raid6: using algorithm sse2x4 gen() 13743 MB/s
[   16.734723] raid6: .... xor() 8863 MB/s, rmw enabled
[   16.753063] raid6: using ssse3x2 recovery algorithm
[   16.770138] xor: automatically using best checksumming function:
[   16.850740]    avx       : 21753.000 MB/sec
[   16.946699] async_tx: api initialized (async)
[   17.072743] md: raid6 personality registered for level 6
[   17.103467] md: raid5 personality registered for level 5
[   17.104252] md: raid4 personality registered for level 4
[   17.111119] md: raid10 personality registered for level 10
done.
Begin: Running /scripts/init-premount ... done.
Begin: Mountin[   17.142133] Btrfs loaded
g root file system ... Begin: Running /scripts/local-top ... done.
Begin: Running /scripts/local-premount ... Scanning for Btrfs filesystems
done.
Warning: fsck no[   17.282866] EXT4-fs (sda1): INFO: recovery required on readonly filesystem
t present, so skipping root file system
[   17.456187] EXT4-fs (sda1): write access will be enabled during recovery
[   18.021582] EXT4-fs (sda1): orphan cleanup on readonly fs
[   18.209240] random: nonblocking pool is initialized
[   18.320255] EXT4-fs (sda1): 40 orphan inodes deleted
[   18.468037] EXT4-fs (sda1): recovery complete
[   18.538357] EXT4-fs (sda1): mounted filesystem with ordered data mode. Opts: (null)
done.
Begin: Running /scripts/local-bottom ... done.
Begin: Running /scripts/init-bottom ... done.
[   20.409304] systemd[1]: systemd 229 running in system mode. (+PAM +AUDIT +SELINUX +IMA +APPARMOR +SMACK +SYSVINIT +UTMP +LIBCRYPTSETUP +GCRYPT +GNUTLS +ACL +XZ -LZ4 +SECCOMP +BLKID +ELFUTILS +KMOD -IDN)
[   20.964698] systemd[1]: Detected virtualization oracle.
[   21.048213] systemd[1]: Detected architecture x86-64.

Welcome to [1mUbuntu 16.04.4 LTS[0m!

[   21.108654] systemd[1]: Set hostname to <clase03>.
[   22.621728] systemd[1]: Reached target Encrypted Volumes.
[[0;32m  OK  [0m] Reached target Encrypted Volumes.
[   22.815790] systemd[1]: Listening on Device-mapper event daemon FIFOs.
[[0;32m  OK  [0m] Listening on Device-mapper event daemon FIFOs.
[   22.818897] systemd[1]: Listening on Syslog Socket.
[[0;32m  OK  [0m] Listening on Syslog Socket.
[   22.836895] systemd[1]: Reached target User and Group Name Lookups.
[[0;32m  OK  [0m] Reached target User and Group Name Lookups.
[   22.859262] systemd[1]: Listening on Journal Socket.
[[0;32m  OK  [0m] Listening on Journal Socket.
[   22.860981] systemd[1]: Listening on Journal Audit Socket.
[[0;32m  OK  [0m] Listening on Journal Audit Socket.
[   22.871215] systemd[1]: Set up automount Arbitrary Executable File Formats File System Automount Point.
[[0;32m  OK  [0m] Set up automount Arbitrary Executab...ats File System Automount Point.
[   23.158969] systemd[1]: Listening on Journal Socket (/dev/log).
[[0;32m  OK  [0m] Listening on Journal Socket (/dev/log).
[   23.178932] systemd[1]: Reached target Swap.
[[0;32m  OK  [0m] Reached target Swap.
[   23.335393] systemd[1]: Reached target System Time Synchronized.
[[0;32m  OK  [0m] Reached target System Time Synchronized.
[   23.547001] systemd[1]: Listening on udev Kernel Socket.
[[0;32m  OK  [0m] Listening on udev Kernel Socket.
[   23.747068] systemd[1]: Listening on LVM2 poll daemon socket.
[[0;32m  OK  [0m] Listening on LVM2 poll daemon socket.
[   23.940224] systemd[1]: Created slice User and Session Slice.
[[0;32m  OK  [0m] Created slice User and Session Slice.
[   24.119168] systemd[1]: Started Forward Password Requests to Wall Directory Watch.
[[0;32m  OK  [0m] Started Forward Password Requests to Wall Directory Watch.
[   24.121356] systemd[1]: Listening on /dev/initctl Compatibility Named Pipe.
[[0;32m  OK  [0m] Listening on /dev/initctl Compatibility Named Pipe.
[   24.123275] systemd[1]: Listening on LVM2 metadata daemon socket.
[[0;32m  OK  [0m] Listening on LVM2 metadata daemon socket.
[   24.124970] systemd[1]: Listening on udev Control Socket.
[[0;32m  OK  [0m] Listening on udev Control Socket.
[   24.212782] systemd[1]: Created slice System Slice.
[[0;32m  OK  [0m] Created slice System Slice.
[   24.226861] systemd[1]: Starting Nameserver information manager...
         Starting Nameserver information manager...
[   24.230208] systemd[1]: Starting Create list of required static device nodes for the current kernel...
         Starting Create list of required st... nodes for the current kernel...
[   24.335231] systemd[1]: Mounting Debug File System...
         Mounting Debug File System...
[   24.519513] systemd[1]: Starting Journal Service...
         Starting Journal Service...
[   24.553161] systemd[1]: Starting Uncomplicated firewall...
         Starting Uncomplicated firewall...
[   24.70322] systemd[1]: Reached target Slices.
[[0;32m  OK  [0m] Reached target Slices.
[   24.808203] systemd[1]: Mounting Huge Pages File System...
         Mounting Huge Pages File System...
[   24.852314] systemd[1]: Created slice system-serial\x2dgetty.slice.
[[0;32m  OK  [0m] Created slice system-serial\x2dgetty.slice.
[   25.011227] systemd[1]: Starting Set console keymap...
         Starting Set console keymap...
[   25.195618] systemd[1]: Starting Load Kernel Modules...
         Starting Load Kernel Modules...
[   25.262072] systemd[1]: Starting Monitoring of LVM2 mirrors, snapshots etc. using dmeventd or progress polling...
         Starting Monitoring of LVM2 mirrors... dmeventd or progress polling...
[   25.271639] systemd[1]: Mounting RPC Pipe File System...
         Mounting RPC Pipe File System...
[   25.288989] systemd[1]: Mounting POSIX Message Queue File System...
         Mounting POSIX Message Queue File System...
[   25.290901] systemd[1]: Started Trigger resolvconf update for networkd DNS.
[[0;32m  OK  [0m] Started Trigger resolvconf update for networkd DNS.
[   25.319352] systemd[1]: Starting Remount Root and Kernel File Systems...
         Starting Remount Root and Kernel[   25.534218] EXT4-fs (sda1): re-mounted. Opts: (null)
 File Systems...
[   25.549333] systemd[1]: Mounted Debug File System.
[[0;32m  OK  [0m] Mounted Debug File System.
[   25.754376] Loading iSCSI transport class v2.0-870.
[   25.900031] systemd[1]: Mounted POSIX Message Queue File System.
[[0;32m  OK  [[   26.076532] RPC: Registered named UNIX socket transport module.
0m] Mounted POSIX Message Queue [   26.082794] RPC: Registered udp transport module.
File System.
[   26.200152] RPC: Registered tcp transport module.
[   26.256849] RPC: Registered tcp NFSv4.1 backchannel transport module.
[   26.413840] systemd[1]: Mounted Huge Pages File System.
[[0;32m  OK  [0m] Mounted Huge Pages File System.
[   26.501244] systemd[1]: Mounted RPC Pipe File System.
[   26.553113] iscsi: registered transport (tcp)
[[0;32m  OK  [0m] Mounted RPC Pipe File System.
[   26.567532] systemd[1]: Started Create list of required static device nodes for the current kernel.
[[0;32m  OK  [0m] Started Create list of required sta...ce nodes for the current kernel.
[   26.700047] systemd[1]: Started Uncomplicated firewall.
[[0;32m  OK  [0m] Started Uncomplicated firewall.
[   26.838138] iscsi: registered transport (iser)
[   26.838720] systemd[1]: Started Set console keymap.
[[0;32m  OK  [0m] Started Set console keymap.
[   26.976705] systemd[1]: Started Load Kernel Modules.
[[0;32m  OK  [0m] Started Load Kernel Modules.
[   27.047473] systemd[1]: Started Remount Root and Kernel File Systems.
[[0;32m  OK  [0m] Started Remount Root and Kernel File Systems.
[   27.279032] systemd[1]: Started Nameserver information manager.
[[0;32m  OK  [0m] Started Nameserver information manager.
[   27.302933] systemd[1]: Started Journal Service.
[[0;32m  OK  [0m] Started Journal Service.
[[0;32m  OK  [0m] Started LVM2 metadata daemon.
         Starting Load/Save Random Seed...
         Starting Flush Journal to Persistent Storage...
         Starting udev Coldplug all Devices...
         Starting Apply Kernel Variables...
         Mounting FUSE Control File System...
         Starting Create Static Device Nodes in /dev...
[[0;32m  OK  [0m] Mounted FUSE Control File System.
[[0;32m  OK  [0m] Started Load/Save Random Seed.
[   28.018860] systemd-journald[376]: Received request to flush runtime journal from PID 1
[[0;32m  OK  [0m] Started udev Coldplug all Devices.
[[0;32m  OK  [0m] Started Flush Journal to Persistent Storage.
[[0;32m  OK  [0m] Started Apply Kernel Variables.
[[0;32m  OK  [0m] Started Monitoring of LVM2 mirrors,...ng dmeventd or progress polling.
[[0;32m  OK  [0m] Started Create Static Device Nodes in /dev.
         Starting udev Kernel Device Manager...
[[0;32m  OK  [0m] Started udev Kernel Device Manager.
[[0;32m  OK  [0m] Started Dispatch Password Requests to Console Directory Watch.
[[0;32m  OK  [0m] Reached target Local File Systems (Pre).
[[0;32m  OK  [0m] Reached target Local File Systems.
         Starting Set console font and keymap...
         Starting Create Volatile Files and Directories...
         Starting Tell Plymouth To Write Out Runtime Data...
         Starting Initial cloud-init job (pre-networking)...
         Starting Preprocess NFS configuration...
         Starting LSB: AppArmor initialization...
[[0;32m  OK  [0m] Started Tell Plymouth To Write Out Runtime Data.
[[0;32m  OK  [0m] Started Create Volatile Files and Directories.
[[0;32m  OK  [0m] Started Preprocess NFS configuration.
[[0;32m  OK  [0m] Reached target NFS client services.
         Starting Update UTMP about System Boot/Shutdown...
[[0;32m  OK  [0m] Started Update UTMP about System Boot/Shutdown.
[[0;32m  OK  [0m] Found device /dev/ttyS0.
[[0;32m  OK  [0m] Listening on Load/Save RF Kill Switch Status /dev/rfkill Watch.
[[0;32m  OK  [0m] Found device 82540EM Gigabit Ethern...r (PRO/1000 MT Desktop Adapter).
[[0;32m  OK  [0m] Found device 82540EM Gigabit Ethern...r (PRO/1000 MT Desktop Adapter).
[[0;32m  OK  [0m] Started Set console font and keymap.
[[0;32m  OK  [0m] Created slice system-getty.slice.
[[0;32m  OK  [0m] Started LSB: AppArmor initialization.
[   29.938173] cloud-init[494]: Cloud-init v. 18.2 running 'init-local' at Tue, 03 Sep 2019 21:57:51 +0000. Up 29.09 seconds.
[[0;32m  OK  [0m] Started Initial cloud-init job (pre-networking).
[[0;32m  OK  [0m] Reached target Network (Pre).
         Starting Raise network interfaces...
[[0;32m  OK  [0m] Started ifup for enp0s8.
[[0;32m  OK  [0m] Started ifup for enp0s3.
[[0;32m  OK  [0m] Started Raise network interfaces.
         Starting Initial cloud-init job (metadata service crawler)...
[[0;32m  OK  [0m] Reached target Network.
[   31.673053] cloud-init[1089]: Cloud-init v. 18.2 running 'init' at Tue, 03 Sep 2019 21:57:53 +0000. Up 30.91 seconds.
[   31.748440] cloud-init[1089]: ci-info: ++++++++++++++++++++++++++++++++++++++Net device info++++++++++++++++++++++++++++++++++++++
[   31.838054] cloud-init[1089]: ci-info: +--------+------+-----------------------------+---------------+-------+-------------------+
[   31.948709] cloud-init[1089]: ci-info: | Device |  Up  |           Address           |      Mask     | Scope |     Hw-Address    |
[[0;32m  OK  [0m] Started Initial cloud-init job (metadata service crawler).
[   31.949626] cloud-init[1089]: ci-info: +--------+------+-----------------------------+---------------+-------+-------------------+
[   32.196805] cloud-init[1089]: ci-info: | enp0s3 | True |          10.0.2.15          | 255.255.255.0 |   .   | 02:38:b8:f5:60:7e |
[[0;32m  OK  [0m] Reached target System Initialization.
[   32.198051] cloud-init[1089]: ci-info: | enp0s3 | True |  fe80::38:b8ff:fef5:607e/64 |       .       |  link | 02:38:b8:f5:60:7e |
[   32.384775] cloud-init[1089]: ci-info: | enp0s8 | True |        172.16.248.200       | 255.255.255.0 |   .   | 08:00:27:8c:53:b5 |
[   32.508290] cloud-init[1089]: ci-info: | enp0s8 | True | fe80::a00:27ff:fe8c:53b5/64 |       .       |  link | 08:00:27:8c:53:b5 |
[   32.508489] cloud-init[1089]: ci-info: |   lo   | True |          127.0.0.1          |   255.0.0.0   |   .   |         .         |
[   32.508582] cloud-init[1089]: ci-info: |   lo   | True |           ::1/128           |       .       |  host |         .         |
[[0;32m  OK  [0m] Started ACPI Events Check.
[   32.508666] cloud-init[1089]: ci-info: +--------+------+-----------------------------+---------------+-------+-------------------+
[   32.541239] cloud-init[1089]: ci-info: ++++++++++++++++++++++++++++Route IPv4 info++++++++++++++++++++++++++++
[   32.541419] cloud-init[1089]: ci-info: +-------+--------------+----------+---------------+-----------+-------+
[   32.541513] cloud-init[1089]: ci-info: | Route | Destination  | Gateway  |    Genmask    | Interface | Flags |
[   32.541612] cloud-init[1089]: ci-info: +-------+--------------+----------+---------------+-----------+-------+
[   32.541700] cloud-init[1089]: ci-info: |   0   |   0.0.0.0    | 10.0.2.2 |    0.0.0.0    |   enp0s3  |   UG  |
[   32.541795] cloud-init[1089]: ci-info: |   1   |   10.0.2.0   | 0.0.0.0  | 255.255.255.0 |   enp0s3  |   U   |
[   32.541894] cloud-init[1089]: ci-info: |   2   | 172.16.248.0 | 0.0.0.0  | 255.255.255.0 |   enp0s8  |   U   |
[   32.541986] cloud-init[1089]: ci-info: +-------+--------------+----------+---------------+-----------+-------+
[[0;32m  OK  [0m] Reached target Paths.
         Starting Socket activation for snappy daemon.
[[0;32m  OK  [0m] Listening on D-Bus System Message Bus Socket.
[[0;32m  OK  [0m] Listening on RPCbind Server Activation Socket.
[[0;32m  OK  [0m] Listening on ACPID Listen Socket.
         Starting LXD - unix socket.
[[0;32m  OK  [0m] Listening on UUID daemon activation socket.
[[0;32m  OK  [0m] Started Daily Cleanup of Temporary Directories.
[[0;32m  OK  [0m] Started Daily apt download activities.
[[0;32m  OK  [0m] Started Daily apt upgrade and clean activities.
[[0;32m  OK  [0m] Reached target Timers.
[[0;32m  OK  [0m] Reached target Network is Online.
         Starting iSCSI initiator daemon (iscsid)...
[[0;32m  OK  [0m] Reached target Cloud-config availability.
[[0;32m  OK  [0m] Listening on Socket activation for snappy daemon.
[[0;32m  OK  [0m] Listening on LXD - unix socket.
[[0;32m  OK  [0m] Reached target Sockets.
[[0;32m  OK  [0m] Reached target Basic System.
[[0;32m  OK  [0m] Started D-Bus System Message Bus.
         Starting Apply the settings specified in cloud-config...
[[0;32m  OK  [0m] Started Deferred execution scheduler.
         Starting LSB: MD monitoring daemon...
         Starting LSB: Record successful boot for GRUB...
         Starting Snappy daemon...
         Starting Accounts Service...
[[0;32m  OK  [0m] Started ACPI event daemon.
[[0;32m  OK  [0m] Started ZeroTier One.
[[0;32m  OK  [0m] Started Regular background program processing daemon.
         Starting OpenBSD Secure Shell server...
[[0;32m  OK  [0m] Started Run anacron jobs.
[[0;32m  OK  [0m] Started FUSE filesystem for LXC.
         Starting Virtualbox guest utils...
[[0;32m  OK  [0m] Started Unattended Upgrades Shutdown.
         Starting LXD - container startup/shutdown...
         Starting /etc/rc.local Compatibility...
         Starting System Logging Service...
         Starting Login Service...
[[0;32m  OK  [0m] Started /etc/rc.local Compatibility.
[[0;32m  OK  [0m] Started LSB: MD monitoring daemon.
[[0;32m  OK  [0m] Started iSCSI initiator daemon (iscsid).
         Starting Login to default iSCSI targets...
[   34.964869] cloud-init[1141]: Cloud-init v. 18.2 running 'modules:config' at Tue, 03 Sep 2019 21:57:56 +0000. Up 33.64 seconds.
[[0;32m  OK  [0m] Started System Logging Service.
[[0;32m  OK  [0m] Started Apply the settings specified in cloud-config.
[[0;32m  OK  [0m] Started LSB: Record successful boot for GRUB.
[[0;32m  OK  [0m] Started Login Service.
[[0;32m  OK  [0m] Started Login to default iSCSI targets.
[[0;32m  OK  [0m] Reached target Remote File Systems (Pre).
[[0;32m  OK  [0m] Reached target Remote File Systems.
         Starting LSB: daemon to balance interrupts for SMP systems...
         Starting Permit User Sessions...
         Starting LSB: automatic crash report generation...
         Starting LSB: Set the CPU Frequency Scaling governor to "ondemand"...
[[0;32m  OK  [0m] Started OpenBSD Secure Shell server.
[[0;32m  OK  [0m] Started Permit User Sessions.
         Starting Terminate Plymouth Boot Screen...
         Starting Hold until boot process finishes up...
         Starting Authenticate and Authorize Users to Run Privileged Tasks...
[[0;32m  OK  [0m] Started LSB: daemon to balance interrupts for SMP systems.
[[0;32m  OK  [0m] Started LSB: Set the CPU Frequency Scaling governor to "ondemand".
[[0;32m  OK  [0m] Started Terminate Plymouth Boot Screen.
[[0;32m  OK  [0m] Started Hold until boot process finishes up.
[[0;32m  OK  [0m] Started Virtualbox guest utils.
[[0;32m  OK  [0m] Started Authenticate and Authorize Users to Run Privileged Tasks.
[[0;32m  OK  [0m] Started Accounts Service.
         Starting Set console scheme...
[[0;32m  OK  [0m] Started Getty on tty1.
[[0;32m  OK  [0m] Started Serial Getty on ttyS0.
[[0;32m  OK  [0m] Reached target Login Prompts.
[[0;32m  OK  [0m] Started LSB: automatic crash report generation.
[[0;32m  OK  [0m] Started Set console scheme.
[[0;32m  OK  [0m] Started LXD - container startup/shutdown.
[[0;32m  OK  [0m] Started Snappy daemon.
         Starting Wait until snapd is fully seeded...
[[0;32m  OK  [0m] Started Wait until snapd is fully seeded.
[[0;32m  OK  [0m] Reached target Multi-User System.
         Starting Execute cloud user/final scripts...
[[0;32m  OK  [0m] Reached target Graphical Interface.
         Starting Update UTMP about System Runlevel Changes...
[[0;32m  OK  [0m] Started Update UTMP about System Runlevel Changes.
[[0;32m  OK  [0m] Created slice User Slice of vagrant.
[   38.570006] cloud-init[1378]: Cloud-init v. 18.2 running 'modules:final' at Tue, 03 Sep 2019 21:58:03 +0000. Up 38.31 seconds.
[   38.619200] cloud-init[1378]: Cloud-init v. 18.2 finished at Tue, 03 Sep 2019 21:58:03 +0000. Datasource DataSourceNoCloud [seed=/dev/sdb][dsmode=net].  Up 38.56 seconds
         Starting User Manager for UID 1000...
[[0;32m  OK  [0m] Started User Manager for UID 1000.
[[0;32m  OK  [0m] Started Execute cloud user/final scripts.
[[0;32m  OK  [0m] Started Session 1 of user vagrant.
[[0;32m  OK  [0m] Reached target Cloud-init target.

Ubuntu 16.04.4 LTS clase03 ttyS0

clase03 login: 